<?xml version="1.0" encoding="UTF-8"?>
<!-- Generated by org.testng.reporters.JUnitReportReporter -->
<testsuite hostname="DESKTOP-NLF7L4D" failures="0" tests="3" name="twoDimenshanalArrayData.ScriptToSignup_Facebook" time="30.556" errors="0" timestamp="2024-05-09T11:28:38 IST" skipped="0">
  <testcase classname="twoDimenshanalArrayData.ScriptToSignup_Facebook" name="acceptTheData" time="11.152"/>
  <system-out/>
  <testcase classname="twoDimenshanalArrayData.ScriptToSignup_Facebook" name="acceptTheData" time="9.792"/>
  <system-out/>
  <testcase classname="twoDimenshanalArrayData.ScriptToSignup_Facebook" name="acceptTheData" time="9.612"/>
  <system-out/>
</testsuite> <!-- twoDimenshanalArrayData.ScriptToSignup_Facebook -->
