<?xml version="1.0" encoding="UTF-8"?>
<!-- Generated by org.testng.reporters.JUnitReportReporter -->
<testsuite hostname="DESKTOP-NLF7L4D" failures="0" tests="3" name="twoDimenshanalArrayData.Demo" time="0.032" errors="0" timestamp="2024-05-08T18:58:51 IST" skipped="0">
  <testcase classname="twoDimenshanalArrayData.Demo" name="acceptTheDatafromSupplyDataMethod" time="0.024"/>
  <system-out/>
  <testcase classname="twoDimenshanalArrayData.Demo" name="acceptTheDatafromSupplyDataMethod" time="0.003"/>
  <system-out/>
  <testcase classname="twoDimenshanalArrayData.Demo" name="acceptTheDatafromSupplyDataMethod" time="0.005"/>
  <system-out/>
</testsuite> <!-- twoDimenshanalArrayData.Demo -->
