<?xml version="1.0" encoding="UTF-8"?>
<!-- Generated by org.testng.reporters.JUnitReportReporter -->
<testsuite hostname="DESKTOP-NLF7L4D" failures="0" tests="1" name="optional.Optional" time="20.037" errors="0" timestamp="2024-05-11T10:36:42 IST" skipped="0">
  <testcase classname="optional.Optional" name="loginToVtiger" time="20.037"/>
  <system-out/>
</testsuite> <!-- optional.Optional -->
