<?xml version="1.0" encoding="UTF-8"?>
<!-- Generated by org.testng.reporters.JUnitReportReporter -->
<testsuite hostname="DESKTOP-NLF7L4D" failures="0" tests="3" name="twoDimenshanalArrayData.LearnToReadDataFromSameClass" time="0.032" errors="0" timestamp="2024-05-08T15:15:58 IST" skipped="0">
  <testcase classname="twoDimenshanalArrayData.LearnToReadDataFromSameClass" name="acceptTheDatafromSupplyDataMethod" time="0.023"/>
  <system-out/>
  <testcase classname="twoDimenshanalArrayData.LearnToReadDataFromSameClass" name="acceptTheDatafromSupplyDataMethod" time="0.003"/>
  <system-out/>
  <testcase classname="twoDimenshanalArrayData.LearnToReadDataFromSameClass" name="acceptTheDatafromSupplyDataMethod" time="0.006"/>
  <system-out/>
</testsuite> <!-- twoDimenshanalArrayData.LearnToReadDataFromSameClass -->
