<?xml version="1.0" encoding="UTF-8"?>
<!-- Generated by org.testng.reporters.JUnitReportReporter -->
<testsuite hostname="DESKTOP-NLF7L4D" failures="0" tests="3" name="supplyToDataAnotherClass.ScriptToSignup_Facebook" time="33.043" errors="0" timestamp="2024-05-09T12:37:43 IST" skipped="0">
  <testcase classname="supplyToDataAnotherClass.ScriptToSignup_Facebook" name="acceptTheData" time="10.487"/>
  <system-out/>
  <testcase classname="supplyToDataAnotherClass.ScriptToSignup_Facebook" name="acceptTheData" time="10.555"/>
  <system-out/>
  <testcase classname="supplyToDataAnotherClass.ScriptToSignup_Facebook" name="acceptTheData" time="12.001"/>
  <system-out/>
</testsuite> <!-- supplyToDataAnotherClass.ScriptToSignup_Facebook -->
